Sliding Sketch,Arrivals,ARE
Sl-CM,0,-nan
Sl-CM,500000,0.626669
DATA_LEN:4
input_num_max:500000
Cycle:80000
Memory:1.2
Hash:10
Row Length:15728
Sliding Sketch,Arrivals,ARE
Sl-CM,0,-nan
Sl-CM,500000,0.0913238
DATA_LEN:4
input_num_max:500000
Cycle:10000
Memory:1.2
Hash:10
Row Length:15728
Sliding Sketch,Arrivals,ARE
Sl-CM,0,-nan
Sl-CM,500000,0.148444
DATA_LEN:4
input_num_max:500000
Cycle:20000
Memory:1.2
Hash:10
Row Length:15728
Sliding Sketch,Arrivals,ARE
Sl-CM,0,-nan
Sl-CM,500000,0.0969631
DATA_LEN:4
input_num_max:500000
Cycle:30000
Memory:1.2
Hash:10
Row Length:15728
Sliding Sketch,Arrivals,ARE
Sl-CM,0,-nan
Sl-CM,500000,0.275415
DATA_LEN:4
input_num_max:500000
Cycle:40000
Memory:1.2
Hash:10
Row Length:15728
Sliding Sketch,Arrivals,ARE
Sl-CM,0,-nan
Sl-CM,500000,0.0946482
DATA_LEN:4
input_num_max:500000
Cycle:50000
Memory:1.2
Hash:10
Row Length:15728
Sliding Sketch,Arrivals,ARE
Sl-CM,0,-nan
Sl-CM,500000,0.262631
DATA_LEN:4
input_num_max:500000
Cycle:60000
Memory:1.2
Hash:10
Row Length:15728
Sliding Sketch,Arrivals,ARE
Sl-CM,0,-nan
Sl-CM,500000,0.139595
DATA_LEN:4
input_num_max:500000
Cycle:70000
Memory:1.2
Hash:10
Row Length:15728
Sliding Sketch,Arrivals,ARE
Sl-CM,0,-nan
Sl-CM,500000,0.626669
DATA_LEN:4
input_num_max:500000
Cycle:80000
Memory:1.2
Hash:10
Row Length:15728
