Sliding Sketch,Arrivals,ARE
Sl-CM,0,-nan
Sl-CM,500000,0.0747899
DATA_LEN:4
input_num_max:500000
Cycle:80000
Memory:1.9
Hash:10
Row Length:24903
Sliding Sketch,Arrivals,ARE
Sl-CM,0,-nan
Sl-CM,500000,0.0777747
DATA_LEN:4
input_num_max:500000
Cycle:10000
Memory:1.9
Hash:10
Row Length:24903
Sliding Sketch,Arrivals,ARE
Sl-CM,0,-nan
Sl-CM,500000,0.0788743
DATA_LEN:4
input_num_max:500000
Cycle:20000
Memory:1.9
Hash:10
Row Length:24903
Sliding Sketch,Arrivals,ARE
Sl-CM,0,-nan
Sl-CM,500000,0.0807328
DATA_LEN:4
input_num_max:500000
Cycle:30000
Memory:1.9
Hash:10
Row Length:24903
Sliding Sketch,Arrivals,ARE
Sl-CM,0,-nan
Sl-CM,500000,0.0799702
DATA_LEN:4
input_num_max:500000
Cycle:40000
Memory:1.9
Hash:10
Row Length:24903
Sliding Sketch,Arrivals,ARE
Sl-CM,0,-nan
Sl-CM,500000,0.215087
DATA_LEN:4
input_num_max:500000
Cycle:50000
Memory:1.9
Hash:10
Row Length:24903
Sliding Sketch,Arrivals,ARE
Sl-CM,0,-nan
Sl-CM,500000,0.0780424
DATA_LEN:4
input_num_max:500000
Cycle:60000
Memory:1.9
Hash:10
Row Length:24903
Sliding Sketch,Arrivals,ARE
Sl-CM,0,-nan
Sl-CM,500000,0.166581
DATA_LEN:4
input_num_max:500000
Cycle:70000
Memory:1.9
Hash:10
Row Length:24903
Sliding Sketch,Arrivals,ARE
Sl-CM,0,-nan
Sl-CM,500000,0.0747899
DATA_LEN:4
input_num_max:500000
Cycle:80000
Memory:1.9
Hash:10
Row Length:24903
