Sliding Sketch,Arrivals,ARE
Sl-CM,0,-nan
Sl-CM,500000,0.454411
DATA_LEN:4
input_num_max:500000
Cycle:80000
Memory:1
Hash:10
Row Length:13107
Sliding Sketch,Arrivals,ARE
Sl-CM,0,-nan
Sl-CM,500000,0.0596965
DATA_LEN:4
input_num_max:500000
Cycle:10000
Memory:1
Hash:10
Row Length:13107
Sliding Sketch,Arrivals,ARE
Sl-CM,0,-nan
Sl-CM,500000,0.124878
DATA_LEN:4
input_num_max:500000
Cycle:20000
Memory:1
Hash:10
Row Length:13107
Sliding Sketch,Arrivals,ARE
Sl-CM,0,-nan
Sl-CM,500000,0.127784
DATA_LEN:4
input_num_max:500000
Cycle:30000
Memory:1
Hash:10
Row Length:13107
Sliding Sketch,Arrivals,ARE
Sl-CM,0,-nan
Sl-CM,500000,0.127624
DATA_LEN:4
input_num_max:500000
Cycle:40000
Memory:1
Hash:10
Row Length:13107
Sliding Sketch,Arrivals,ARE
Sl-CM,0,-nan
Sl-CM,500000,0.274155
DATA_LEN:4
input_num_max:500000
Cycle:50000
Memory:1
Hash:10
Row Length:13107
Sliding Sketch,Arrivals,ARE
Sl-CM,0,-nan
Sl-CM,500000,0.126036
DATA_LEN:4
input_num_max:500000
Cycle:60000
Memory:1
Hash:10
Row Length:13107
Sliding Sketch,Arrivals,ARE
Sl-CM,0,-nan
Sl-CM,500000,0.603944
DATA_LEN:4
input_num_max:500000
Cycle:70000
Memory:1
Hash:10
Row Length:13107
Sliding Sketch,Arrivals,ARE
Sl-CM,0,-nan
Sl-CM,500000,0.454411
DATA_LEN:4
input_num_max:500000
Cycle:80000
Memory:1
Hash:10
Row Length:13107
