Sliding Sketch,Arrivals,ARE
Sl-CM,0,-nan
Sl-CM,500000,0.187024
DATA_LEN:4
input_num_max:500000
Cycle:80000
Memory:1.5
Hash:10
Row Length:19660
Sliding Sketch,Arrivals,ARE
Sl-CM,0,-nan
Sl-CM,500000,0.074291
DATA_LEN:4
input_num_max:500000
Cycle:10000
Memory:1.5
Hash:10
Row Length:19660
Sliding Sketch,Arrivals,ARE
Sl-CM,0,-nan
Sl-CM,500000,0.116621
DATA_LEN:4
input_num_max:500000
Cycle:20000
Memory:1.5
Hash:10
Row Length:19660
Sliding Sketch,Arrivals,ARE
Sl-CM,0,-nan
Sl-CM,500000,0.117282
DATA_LEN:4
input_num_max:500000
Cycle:30000
Memory:1.5
Hash:10
Row Length:19660
Sliding Sketch,Arrivals,ARE
Sl-CM,0,-nan
Sl-CM,500000,0.206744
DATA_LEN:4
input_num_max:500000
Cycle:40000
Memory:1.5
Hash:10
Row Length:19660
Sliding Sketch,Arrivals,ARE
Sl-CM,0,-nan
Sl-CM,500000,0.255523
DATA_LEN:4
input_num_max:500000
Cycle:50000
Memory:1.5
Hash:10
Row Length:19660
Sliding Sketch,Arrivals,ARE
Sl-CM,0,-nan
Sl-CM,500000,0.110541
DATA_LEN:4
input_num_max:500000
Cycle:60000
Memory:1.5
Hash:10
Row Length:19660
Sliding Sketch,Arrivals,ARE
Sl-CM,0,-nan
Sl-CM,500000,0.298704
DATA_LEN:4
input_num_max:500000
Cycle:70000
Memory:1.5
Hash:10
Row Length:19660
Sliding Sketch,Arrivals,ARE
Sl-CM,0,-nan
Sl-CM,500000,0.187024
DATA_LEN:4
input_num_max:500000
Cycle:80000
Memory:1.5
Hash:10
Row Length:19660
