Sliding Sketch,Arrivals,ARE
Sl-CM,0,-nan
Sl-CM,500000,0.138123
DATA_LEN:4
input_num_max:500000
Cycle:80000
Memory:1.4
Hash:10
Row Length:18350
Sliding Sketch,Arrivals,ARE
Sl-CM,0,-nan
Sl-CM,500000,0.0630026
DATA_LEN:4
input_num_max:500000
Cycle:10000
Memory:1.4
Hash:10
Row Length:18350
Sliding Sketch,Arrivals,ARE
Sl-CM,0,-nan
Sl-CM,500000,0.0649062
DATA_LEN:4
input_num_max:500000
Cycle:20000
Memory:1.4
Hash:10
Row Length:18350
Sliding Sketch,Arrivals,ARE
Sl-CM,0,-nan
Sl-CM,500000,0.066851
DATA_LEN:4
input_num_max:500000
Cycle:30000
Memory:1.4
Hash:10
Row Length:18350
Sliding Sketch,Arrivals,ARE
Sl-CM,0,-nan
Sl-CM,500000,0.152032
DATA_LEN:4
input_num_max:500000
Cycle:40000
Memory:1.4
Hash:10
Row Length:18350
Sliding Sketch,Arrivals,ARE
Sl-CM,0,-nan
Sl-CM,500000,0.200406
DATA_LEN:4
input_num_max:500000
Cycle:50000
Memory:1.4
Hash:10
Row Length:18350
Sliding Sketch,Arrivals,ARE
Sl-CM,0,-nan
Sl-CM,500000,0.06647
DATA_LEN:4
input_num_max:500000
Cycle:60000
Memory:1.4
Hash:10
Row Length:18350
Sliding Sketch,Arrivals,ARE
Sl-CM,0,-nan
Sl-CM,500000,0.241584
DATA_LEN:4
input_num_max:500000
Cycle:70000
Memory:1.4
Hash:10
Row Length:18350
Sliding Sketch,Arrivals,ARE
Sl-CM,0,-nan
Sl-CM,500000,0.138123
DATA_LEN:4
input_num_max:500000
Cycle:80000
Memory:1.4
Hash:10
Row Length:18350
